LDW 

ST_comd 

EMS_IndicatedRealTroq
EMS_FrictionalTroq
EMS_TorqueConstant
EMS_FullLoadIndicatedTroq
SAS_SteeringAngle
EPB_RollingCounter_id256
EMS_BrakePedalStatus
P6_Value
EPS_AvailabilityStatus
Server_CommunicationStatus
A1counter
System_State
VehicleCommunicationStatus
counter1
VehicleFaultStatus
counter3
ACC_TrqEnable
ACC_AccTorqueReq
ACC_RollingCounter_id2E5
ACC_RollingCounter_id2E4
ACC_ACCTargetAcceleration
ACC_Driveoff_Request
ACC_CDDAxEnable
mubiao_zhuanjiao
APA_RollingCounter
LAS_LDWVibrationWarning
LAS_LDWStatus
Vx_out
mission_out
SCS_out
finish_out
tap_out
cones_count_all_out
cones_count_actual_out
