AutoDrivingReady 

LDW 

LaterlAngleCommand 

RemoteAcclPosition 

SAS_SteeringAngle
EPB_RollingCounter_id256
EMS_BrakePedalStatus
P6_Value
EPS_AvailabilityStatus
Server_CommunicationStatus
A1counter
System_State
VehicleCommunicationStatus
counter1
VehicleFaultStatus
counter3
ACC_TrqEnable
ACC_AccTorqueReq
ACC_RollingCounter_id2E5
ACC_RollingCounter_id2E4
ACC_ACCTargetAcceleration
ACC_Driveoff_Request
ACC_CDDAxEnable
LAS_SteeringTorque
LAS_LKSStatus
LAS_RollingCounter
PID_SteeringOut
ErrorSum
LAS_LDWVibrationWarning
LAS_LDWStatus
